<?xml version="1.0" encoding="UTF-8"?>
<!-- Generated by org.testng.reporters.JUnitXMLReporter -->
<testsuite ignored="6" hostname="DESKTOP-E6BGSPU" failures="0" tests="14" name="Functional testing" time="12.893" errors="0" timestamp="2020-10-14T02:42:06 WEST">
  <testcase classname="ui.VerifyTitleAndTextTest" name="@AfterTest aftTest" time="1.598">
    <failure type="java.lang.AssertionError" message="The following asserts failed:
	The title isn&amp;apos;t correct.... expected [0Electronics, Cars, Fashion, Collectibles &amp;amp; More | eBay] but found [Electronics, Cars, Fashion, Collectibles &amp;amp; More | eBay]">
      <![CDATA[java.lang.AssertionError: The following asserts failed:
The title isn't correct.... expected [0Electronics, Cars, Fashion, Collectibles & More | eBay] but found [Electronics, Cars, Fashion, Collectibles & More | eBay]
at ui.VerifyTitleAndTextTest.aftTest(VerifyTitleAndTextTest.java:46)
... Removed 26 stack frames]]>
    </failure>
  </testcase> <!-- @AfterTest aftTest -->
  <testcase classname="ui.VerifyTitleTest" name="@AfterTest aftTest" time="-1.60263972611E9">
    <skipped/>
  </testcase> <!-- @AfterTest aftTest -->
  <testcase classname="ui.LoginTest" name="Logout" time="0.006"/>
  <testcase classname="ui.LoginTest" name="Login" time="0.001"/>
  <testcase classname="ui.LoginGroupsTest" name="Logout1" time="0.001"/>
  <testcase classname="ui.LoginGroupsTest" name="Logout2" time="0.001"/>
  <testcase classname="ui.LoginGroupsTest" name="Logout3" time="0.002"/>
  <testcase classname="ui.LoginGroupsTest" name="Login1" time="0.001"/>
  <testcase classname="ui.LoginGroupsTest" name="Login2" time="0.0"/>
  <testcase classname="ui.LoginGroupsTest" name="Login3" time="0.0"/>
  <testcase classname="ui.LoginGroupsTest" name="Login4" time="0.001"/>
  <testcase classname="ui.LoginGroupsTest" name="Login5" time="0.0"/>
  <testcase classname="ui.LoginGroupsTest" name="LoginLougout" time="0.001"/>
  <testcase classname="ui.VerifyTitleTest" name="titleTest" time="0.011"/>
  <testcase classname="ui.VerifyTitleAndTextTest" name="buttonTest" time="0.068"/>
  <testcase classname="ui.VerifyTitleAndTextTest" name="titleTest" time="0.01"/>
  <testcase classname="common.CommonDataSetup" name="@AfterSuite dataTearDown" time="0.0">
    <ignored/>
  </testcase> <!-- @AfterSuite dataTearDown -->
  <testcase classname="common.CommonDataSetup" name="@AfterSuite dataTearDown" time="0.0">
    <ignored/>
  </testcase> <!-- @AfterSuite dataTearDown -->
  <testcase classname="common.CommonDataSetup" name="@AfterSuite dataTearDown" time="0.0">
    <ignored/>
  </testcase> <!-- @AfterSuite dataTearDown -->
  <testcase classname="common.CommonDataSetup" name="@BeforeSuite dataSetup" time="0.0">
    <ignored/>
  </testcase> <!-- @BeforeSuite dataSetup -->
  <testcase classname="common.CommonDataSetup" name="@BeforeSuite dataSetup" time="0.0">
    <ignored/>
  </testcase> <!-- @BeforeSuite dataSetup -->
  <testcase classname="common.CommonDataSetup" name="@BeforeSuite dataSetup" time="0.0">
    <ignored/>
  </testcase> <!-- @BeforeSuite dataSetup -->
</testsuite> <!-- Functional testing -->
